2024-07-28 13:54:52,149 - httpx - INFO - HTTP Request: POST https://api.telegram.org/bot7005636792:AAFsRSBKvxA67FoQao1f7AdjPxYKvwk9cvY/getMe "HTTP/1.1 200 OK"
2024-07-28 13:54:52,185 - httpx - INFO - HTTP Request: POST https://api.telegram.org/bot7005636792:AAFsRSBKvxA67FoQao1f7AdjPxYKvwk9cvY/deleteWebhook "HTTP/1.1 200 OK"
2024-07-28 13:54:52,185 - telegram.ext.Application - INFO - Application started
2024-07-28 13:55:02,298 - httpx - INFO - HTTP Request: POST https://api.telegram.org/bot7005636792:AAFsRSBKvxA67FoQao1f7AdjPxYKvwk9cvY/getUpdates "HTTP/1.1 200 OK"
2024-07-28 13:55:12,331 - httpx - INFO - HTTP Request: POST https://api.telegram.org/bot7005636792:AAFsRSBKvxA67FoQao1f7AdjPxYKvwk9cvY/getUpdates "HTTP/1.1 200 OK"
2024-07-28 13:55:15,556 - httpx - INFO - HTTP Request: POST https://api.telegram.org/bot7005636792:AAFsRSBKvxA67FoQao1f7AdjPxYKvwk9cvY/getUpdates "HTTP/1.1 200 OK"
2024-07-28 13:55:15,778 - httpx - INFO - HTTP Request: POST https://api.telegram.org/bot7005636792:AAFsRSBKvxA67FoQao1f7AdjPxYKvwk9cvY/sendMessage "HTTP/1.1 200 OK"
2024-07-28 13:55:18,427 - httpx - INFO - HTTP Request: POST https://api.telegram.org/bot7005636792:AAFsRSBKvxA67FoQao1f7AdjPxYKvwk9cvY/getUpdates "HTTP/1.1 200 OK"
2024-07-28 13:55:18,586 - httpx - INFO - HTTP Request: POST https://api.telegram.org/bot7005636792:AAFsRSBKvxA67FoQao1f7AdjPxYKvwk9cvY/sendMessage "HTTP/1.1 200 OK"
2024-07-28 13:55:20,335 - httpx - INFO - HTTP Request: POST https://api.telegram.org/bot7005636792:AAFsRSBKvxA67FoQao1f7AdjPxYKvwk9cvY/getUpdates "HTTP/1.1 200 OK"
2024-07-28 13:55:20,502 - httpx - INFO - HTTP Request: POST https://api.telegram.org/bot7005636792:AAFsRSBKvxA67FoQao1f7AdjPxYKvwk9cvY/sendMessage "HTTP/1.1 200 OK"
2024-07-28 13:55:21,499 - httpx - INFO - HTTP Request: POST https://api.telegram.org/bot7005636792:AAFsRSBKvxA67FoQao1f7AdjPxYKvwk9cvY/getUpdates "HTTP/1.1 200 OK"
2024-07-28 13:55:21,668 - httpx - INFO - HTTP Request: POST https://api.telegram.org/bot7005636792:AAFsRSBKvxA67FoQao1f7AdjPxYKvwk9cvY/sendMessage "HTTP/1.1 200 OK"
2024-07-28 13:55:24,146 - httpx - INFO - HTTP Request: POST https://api.telegram.org/bot7005636792:AAFsRSBKvxA67FoQao1f7AdjPxYKvwk9cvY/getUpdates "HTTP/1.1 200 OK"
2024-07-28 13:55:24,316 - httpx - INFO - HTTP Request: POST https://api.telegram.org/bot7005636792:AAFsRSBKvxA67FoQao1f7AdjPxYKvwk9cvY/sendMessage "HTTP/1.1 200 OK"
2024-07-28 13:55:26,424 - httpx - INFO - HTTP Request: POST https://api.telegram.org/bot7005636792:AAFsRSBKvxA67FoQao1f7AdjPxYKvwk9cvY/getUpdates "HTTP/1.1 200 OK"
2024-07-28 13:55:26,599 - httpx - INFO - HTTP Request: POST https://api.telegram.org/bot7005636792:AAFsRSBKvxA67FoQao1f7AdjPxYKvwk9cvY/sendMessage "HTTP/1.1 200 OK"
2024-07-28 13:55:29,264 - httpx - INFO - HTTP Request: POST https://api.telegram.org/bot7005636792:AAFsRSBKvxA67FoQao1f7AdjPxYKvwk9cvY/getUpdates "HTTP/1.1 200 OK"
2024-07-28 13:55:29,265 - root - WARNING - 
********
NO GEONAMES USERNAME SET!
Using the default geonames username is not recommended, please set a custom one!
You can get one for free here:
https://www.geonames.org/login
Keep in mind that the default username is limited to 2000 requests per hour and is shared with everyone else using this library.
********
2024-07-28 13:55:29,265 - root - INFO - No nation specified, using GB as default
2024-07-28 13:55:29,265 - root - INFO - Fetching timezone/coordinates from geonames
2024-07-28 13:55:29,402 - root - ERROR - Error serializing data maybe wrong username? Details: list index out of range
2024-07-28 13:55:29,402 - root - ERROR - Error in fetching timezone: 'lat'
2024-07-28 13:55:29,402 - telegram.ext.Application - ERROR - No error handlers are registered, logging exception.
Traceback (most recent call last):
  File "C:\Python3_10_11\lib\site-packages\telegram\ext\_application.py", line 1335, in process_update
    await coroutine
  File "C:\Python3_10_11\lib\site-packages\telegram\ext\_handlers\conversationhandler.py", line 857, in handle_update
    new_state: object = await handler.handle_update(
  File "C:\Python3_10_11\lib\site-packages\telegram\ext\_handlers\basehandler.py", line 157, in handle_update
    return await self.callback(update, context)
  File "c:\Users\asier\AstroBot\run.py", line 148, in ubicacion
    carta = crear_carta_astral(context.user_data["nombre"], context.user_data["año"],
  File "c:\Users\asier\AstroBot\run.py", line 38, in crear_carta_astral
    sujeto = AstrologicalSubject(nombre, int(año), int(mes), int(dia), int(hora), int(minuto), ubicacion)
  File "C:\Python3_10_11\lib\site-packages\kerykeion\astrological_subject.py", line 292, in __init__
    self._fetch_and_set_tz_and_coordinates_from_geonames()
  File "C:\Python3_10_11\lib\site-packages\kerykeion\astrological_subject.py", line 355, in _fetch_and_set_tz_and_coordinates_from_geonames
    raise KerykeionException("No data found for this city, try again! Maybe check your connection?")
kerykeion.kr_types.kerykeion_exception.KerykeionException: No data found for this city, try again! Maybe check your connection?
2024-07-28 13:55:39,441 - httpx - INFO - HTTP Request: POST https://api.telegram.org/bot7005636792:AAFsRSBKvxA67FoQao1f7AdjPxYKvwk9cvY/getUpdates "HTTP/1.1 200 OK"
2024-07-28 13:55:49,477 - httpx - INFO - HTTP Request: POST https://api.telegram.org/bot7005636792:AAFsRSBKvxA67FoQao1f7AdjPxYKvwk9cvY/getUpdates "HTTP/1.1 200 OK"
2024-07-28 13:55:59,511 - httpx - INFO - HTTP Request: POST https://api.telegram.org/bot7005636792:AAFsRSBKvxA67FoQao1f7AdjPxYKvwk9cvY/getUpdates "HTTP/1.1 200 OK"
2024-07-28 13:56:09,545 - httpx - INFO - HTTP Request: POST https://api.telegram.org/bot7005636792:AAFsRSBKvxA67FoQao1f7AdjPxYKvwk9cvY/getUpdates "HTTP/1.1 200 OK"
2024-07-28 13:56:19,638 - httpx - INFO - HTTP Request: POST https://api.telegram.org/bot7005636792:AAFsRSBKvxA67FoQao1f7AdjPxYKvwk9cvY/getUpdates "HTTP/1.1 200 OK"
2024-07-28 13:56:29,672 - httpx - INFO - HTTP Request: POST https://api.telegram.org/bot7005636792:AAFsRSBKvxA67FoQao1f7AdjPxYKvwk9cvY/getUpdates "HTTP/1.1 200 OK"
2024-07-28 13:56:39,709 - httpx - INFO - HTTP Request: POST https://api.telegram.org/bot7005636792:AAFsRSBKvxA67FoQao1f7AdjPxYKvwk9cvY/getUpdates "HTTP/1.1 200 OK"
2024-07-28 13:56:49,743 - httpx - INFO - HTTP Request: POST https://api.telegram.org/bot7005636792:AAFsRSBKvxA67FoQao1f7AdjPxYKvwk9cvY/getUpdates "HTTP/1.1 200 OK"
2024-07-28 13:56:59,792 - httpx - INFO - HTTP Request: POST https://api.telegram.org/bot7005636792:AAFsRSBKvxA67FoQao1f7AdjPxYKvwk9cvY/getUpdates "HTTP/1.1 200 OK"
2024-07-28 13:57:09,828 - httpx - INFO - HTTP Request: POST https://api.telegram.org/bot7005636792:AAFsRSBKvxA67FoQao1f7AdjPxYKvwk9cvY/getUpdates "HTTP/1.1 200 OK"
2024-07-28 13:57:19,862 - httpx - INFO - HTTP Request: POST https://api.telegram.org/bot7005636792:AAFsRSBKvxA67FoQao1f7AdjPxYKvwk9cvY/getUpdates "HTTP/1.1 200 OK"
2024-07-28 13:57:29,896 - httpx - INFO - HTTP Request: POST https://api.telegram.org/bot7005636792:AAFsRSBKvxA67FoQao1f7AdjPxYKvwk9cvY/getUpdates "HTTP/1.1 200 OK"
2024-07-28 13:57:39,931 - httpx - INFO - HTTP Request: POST https://api.telegram.org/bot7005636792:AAFsRSBKvxA67FoQao1f7AdjPxYKvwk9cvY/getUpdates "HTTP/1.1 200 OK"
2024-07-28 13:57:49,966 - httpx - INFO - HTTP Request: POST https://api.telegram.org/bot7005636792:AAFsRSBKvxA67FoQao1f7AdjPxYKvwk9cvY/getUpdates "HTTP/1.1 200 OK"
2024-07-28 13:57:59,999 - httpx - INFO - HTTP Request: POST https://api.telegram.org/bot7005636792:AAFsRSBKvxA67FoQao1f7AdjPxYKvwk9cvY/getUpdates "HTTP/1.1 200 OK"
2024-07-28 13:58:10,036 - httpx - INFO - HTTP Request: POST https://api.telegram.org/bot7005636792:AAFsRSBKvxA67FoQao1f7AdjPxYKvwk9cvY/getUpdates "HTTP/1.1 200 OK"
2024-07-28 13:58:20,071 - httpx - INFO - HTTP Request: POST https://api.telegram.org/bot7005636792:AAFsRSBKvxA67FoQao1f7AdjPxYKvwk9cvY/getUpdates "HTTP/1.1 200 OK"
2024-07-28 13:58:30,105 - httpx - INFO - HTTP Request: POST https://api.telegram.org/bot7005636792:AAFsRSBKvxA67FoQao1f7AdjPxYKvwk9cvY/getUpdates "HTTP/1.1 200 OK"
2024-07-28 13:58:40,141 - httpx - INFO - HTTP Request: POST https://api.telegram.org/bot7005636792:AAFsRSBKvxA67FoQao1f7AdjPxYKvwk9cvY/getUpdates "HTTP/1.1 200 OK"
2024-07-28 13:58:50,176 - httpx - INFO - HTTP Request: POST https://api.telegram.org/bot7005636792:AAFsRSBKvxA67FoQao1f7AdjPxYKvwk9cvY/getUpdates "HTTP/1.1 200 OK"
2024-07-28 13:59:00,213 - httpx - INFO - HTTP Request: POST https://api.telegram.org/bot7005636792:AAFsRSBKvxA67FoQao1f7AdjPxYKvwk9cvY/getUpdates "HTTP/1.1 200 OK"
2024-07-28 13:59:10,249 - httpx - INFO - HTTP Request: POST https://api.telegram.org/bot7005636792:AAFsRSBKvxA67FoQao1f7AdjPxYKvwk9cvY/getUpdates "HTTP/1.1 200 OK"
2024-07-28 13:59:20,287 - httpx - INFO - HTTP Request: POST https://api.telegram.org/bot7005636792:AAFsRSBKvxA67FoQao1f7AdjPxYKvwk9cvY/getUpdates "HTTP/1.1 200 OK"
2024-07-28 13:59:30,322 - httpx - INFO - HTTP Request: POST https://api.telegram.org/bot7005636792:AAFsRSBKvxA67FoQao1f7AdjPxYKvwk9cvY/getUpdates "HTTP/1.1 200 OK"
2024-07-28 13:59:40,357 - httpx - INFO - HTTP Request: POST https://api.telegram.org/bot7005636792:AAFsRSBKvxA67FoQao1f7AdjPxYKvwk9cvY/getUpdates "HTTP/1.1 200 OK"
2024-07-28 13:59:50,394 - httpx - INFO - HTTP Request: POST https://api.telegram.org/bot7005636792:AAFsRSBKvxA67FoQao1f7AdjPxYKvwk9cvY/getUpdates "HTTP/1.1 200 OK"
2024-07-28 14:00:00,430 - httpx - INFO - HTTP Request: POST https://api.telegram.org/bot7005636792:AAFsRSBKvxA67FoQao1f7AdjPxYKvwk9cvY/getUpdates "HTTP/1.1 200 OK"
2024-07-28 14:00:10,464 - httpx - INFO - HTTP Request: POST https://api.telegram.org/bot7005636792:AAFsRSBKvxA67FoQao1f7AdjPxYKvwk9cvY/getUpdates "HTTP/1.1 200 OK"
2024-07-28 14:00:20,497 - httpx - INFO - HTTP Request: POST https://api.telegram.org/bot7005636792:AAFsRSBKvxA67FoQao1f7AdjPxYKvwk9cvY/getUpdates "HTTP/1.1 200 OK"
2024-07-28 14:00:30,534 - httpx - INFO - HTTP Request: POST https://api.telegram.org/bot7005636792:AAFsRSBKvxA67FoQao1f7AdjPxYKvwk9cvY/getUpdates "HTTP/1.1 200 OK"
2024-07-28 14:00:40,568 - httpx - INFO - HTTP Request: POST https://api.telegram.org/bot7005636792:AAFsRSBKvxA67FoQao1f7AdjPxYKvwk9cvY/getUpdates "HTTP/1.1 200 OK"
2024-07-28 14:00:50,612 - httpx - INFO - HTTP Request: POST https://api.telegram.org/bot7005636792:AAFsRSBKvxA67FoQao1f7AdjPxYKvwk9cvY/getUpdates "HTTP/1.1 200 OK"
2024-07-28 14:01:00,646 - httpx - INFO - HTTP Request: POST https://api.telegram.org/bot7005636792:AAFsRSBKvxA67FoQao1f7AdjPxYKvwk9cvY/getUpdates "HTTP/1.1 200 OK"
2024-07-28 14:01:10,680 - httpx - INFO - HTTP Request: POST https://api.telegram.org/bot7005636792:AAFsRSBKvxA67FoQao1f7AdjPxYKvwk9cvY/getUpdates "HTTP/1.1 200 OK"
2024-07-28 14:01:20,714 - httpx - INFO - HTTP Request: POST https://api.telegram.org/bot7005636792:AAFsRSBKvxA67FoQao1f7AdjPxYKvwk9cvY/getUpdates "HTTP/1.1 200 OK"
2024-07-28 14:01:30,749 - httpx - INFO - HTTP Request: POST https://api.telegram.org/bot7005636792:AAFsRSBKvxA67FoQao1f7AdjPxYKvwk9cvY/getUpdates "HTTP/1.1 200 OK"
2024-07-28 14:01:40,787 - httpx - INFO - HTTP Request: POST https://api.telegram.org/bot7005636792:AAFsRSBKvxA67FoQao1f7AdjPxYKvwk9cvY/getUpdates "HTTP/1.1 200 OK"
2024-07-28 14:01:50,821 - httpx - INFO - HTTP Request: POST https://api.telegram.org/bot7005636792:AAFsRSBKvxA67FoQao1f7AdjPxYKvwk9cvY/getUpdates "HTTP/1.1 200 OK"
2024-07-28 14:02:00,857 - httpx - INFO - HTTP Request: POST https://api.telegram.org/bot7005636792:AAFsRSBKvxA67FoQao1f7AdjPxYKvwk9cvY/getUpdates "HTTP/1.1 200 OK"
2024-07-28 14:02:10,891 - httpx - INFO - HTTP Request: POST https://api.telegram.org/bot7005636792:AAFsRSBKvxA67FoQao1f7AdjPxYKvwk9cvY/getUpdates "HTTP/1.1 200 OK"
2024-07-28 14:02:12,970 - httpx - INFO - HTTP Request: POST https://api.telegram.org/bot7005636792:AAFsRSBKvxA67FoQao1f7AdjPxYKvwk9cvY/getUpdates "HTTP/1.1 200 OK"
2024-07-28 14:02:12,971 - root - WARNING - 
********
NO GEONAMES USERNAME SET!
Using the default geonames username is not recommended, please set a custom one!
You can get one for free here:
https://www.geonames.org/login
Keep in mind that the default username is limited to 2000 requests per hour and is shared with everyone else using this library.
********
2024-07-28 14:02:12,971 - root - INFO - No nation specified, using GB as default
2024-07-28 14:02:12,971 - root - INFO - Fetching timezone/coordinates from geonames
2024-07-28 14:02:13,125 - root - ERROR - Error serializing data maybe wrong username? Details: list index out of range
2024-07-28 14:02:13,125 - root - ERROR - Error in fetching timezone: 'lat'
2024-07-28 14:02:13,125 - telegram.ext.Application - ERROR - No error handlers are registered, logging exception.
Traceback (most recent call last):
  File "C:\Python3_10_11\lib\site-packages\telegram\ext\_application.py", line 1335, in process_update
    await coroutine
  File "C:\Python3_10_11\lib\site-packages\telegram\ext\_handlers\conversationhandler.py", line 857, in handle_update
    new_state: object = await handler.handle_update(
  File "C:\Python3_10_11\lib\site-packages\telegram\ext\_handlers\basehandler.py", line 157, in handle_update
    return await self.callback(update, context)
  File "c:\Users\asier\AstroBot\run.py", line 148, in ubicacion
    context.user_data["hora"] = hora
  File "c:\Users\asier\AstroBot\run.py", line 38, in crear_carta_astral
    try:
  File "C:\Python3_10_11\lib\site-packages\kerykeion\astrological_subject.py", line 292, in __init__
    self._fetch_and_set_tz_and_coordinates_from_geonames()
  File "C:\Python3_10_11\lib\site-packages\kerykeion\astrological_subject.py", line 355, in _fetch_and_set_tz_and_coordinates_from_geonames
    raise KerykeionException("No data found for this city, try again! Maybe check your connection?")
kerykeion.kr_types.kerykeion_exception.KerykeionException: No data found for this city, try again! Maybe check your connection?
2024-07-28 14:02:18,098 - httpx - INFO - HTTP Request: POST https://api.telegram.org/bot7005636792:AAFsRSBKvxA67FoQao1f7AdjPxYKvwk9cvY/getUpdates "HTTP/1.1 200 OK"
2024-07-28 14:02:18,099 - root - WARNING - 
********
NO GEONAMES USERNAME SET!
Using the default geonames username is not recommended, please set a custom one!
You can get one for free here:
https://www.geonames.org/login
Keep in mind that the default username is limited to 2000 requests per hour and is shared with everyone else using this library.
********
2024-07-28 14:02:18,099 - root - INFO - No nation specified, using GB as default
2024-07-28 14:02:18,099 - root - INFO - Fetching timezone/coordinates from geonames
2024-07-28 14:02:18,204 - root - ERROR - Error serializing data maybe wrong username? Details: list index out of range
2024-07-28 14:02:18,204 - root - ERROR - Error in fetching timezone: 'lat'
2024-07-28 14:02:18,204 - telegram.ext.Application - ERROR - No error handlers are registered, logging exception.
Traceback (most recent call last):
  File "C:\Python3_10_11\lib\site-packages\telegram\ext\_application.py", line 1335, in process_update
    await coroutine
  File "C:\Python3_10_11\lib\site-packages\telegram\ext\_handlers\conversationhandler.py", line 857, in handle_update
    new_state: object = await handler.handle_update(
  File "C:\Python3_10_11\lib\site-packages\telegram\ext\_handlers\basehandler.py", line 157, in handle_update
    return await self.callback(update, context)
  File "c:\Users\asier\AstroBot\run.py", line 148, in ubicacion
    context.user_data["hora"] = hora
  File "c:\Users\asier\AstroBot\run.py", line 38, in crear_carta_astral
    try:
  File "C:\Python3_10_11\lib\site-packages\kerykeion\astrological_subject.py", line 292, in __init__
    self._fetch_and_set_tz_and_coordinates_from_geonames()
  File "C:\Python3_10_11\lib\site-packages\kerykeion\astrological_subject.py", line 355, in _fetch_and_set_tz_and_coordinates_from_geonames
    raise KerykeionException("No data found for this city, try again! Maybe check your connection?")
kerykeion.kr_types.kerykeion_exception.KerykeionException: No data found for this city, try again! Maybe check your connection?
2024-07-28 14:02:22,320 - httpx - INFO - HTTP Request: POST https://api.telegram.org/bot7005636792:AAFsRSBKvxA67FoQao1f7AdjPxYKvwk9cvY/getUpdates "HTTP/1.1 200 OK"
2024-07-28 14:02:22,320 - telegram.ext.Application - INFO - Application is stopping. This might take a moment.
2024-07-28 14:02:22,320 - telegram.ext.Application - INFO - Application.stop() complete
2024-07-28 14:02:25,550 - httpx - INFO - HTTP Request: POST https://api.telegram.org/bot7005636792:AAFsRSBKvxA67FoQao1f7AdjPxYKvwk9cvY/getMe "HTTP/1.1 200 OK"
2024-07-28 14:02:25,588 - httpx - INFO - HTTP Request: POST https://api.telegram.org/bot7005636792:AAFsRSBKvxA67FoQao1f7AdjPxYKvwk9cvY/deleteWebhook "HTTP/1.1 200 OK"
2024-07-28 14:02:25,589 - telegram.ext.Application - INFO - Application started
2024-07-28 14:02:28,666 - httpx - INFO - HTTP Request: POST https://api.telegram.org/bot7005636792:AAFsRSBKvxA67FoQao1f7AdjPxYKvwk9cvY/getUpdates "HTTP/1.1 200 OK"
2024-07-28 14:02:28,837 - httpx - INFO - HTTP Request: POST https://api.telegram.org/bot7005636792:AAFsRSBKvxA67FoQao1f7AdjPxYKvwk9cvY/sendMessage "HTTP/1.1 200 OK"
2024-07-28 14:02:32,589 - httpx - INFO - HTTP Request: POST https://api.telegram.org/bot7005636792:AAFsRSBKvxA67FoQao1f7AdjPxYKvwk9cvY/getUpdates "HTTP/1.1 200 OK"
2024-07-28 14:02:32,765 - httpx - INFO - HTTP Request: POST https://api.telegram.org/bot7005636792:AAFsRSBKvxA67FoQao1f7AdjPxYKvwk9cvY/sendMessage "HTTP/1.1 200 OK"
2024-07-28 14:02:35,008 - httpx - INFO - HTTP Request: POST https://api.telegram.org/bot7005636792:AAFsRSBKvxA67FoQao1f7AdjPxYKvwk9cvY/getUpdates "HTTP/1.1 200 OK"
2024-07-28 14:02:35,187 - httpx - INFO - HTTP Request: POST https://api.telegram.org/bot7005636792:AAFsRSBKvxA67FoQao1f7AdjPxYKvwk9cvY/sendMessage "HTTP/1.1 200 OK"
2024-07-28 14:02:38,641 - httpx - INFO - HTTP Request: POST https://api.telegram.org/bot7005636792:AAFsRSBKvxA67FoQao1f7AdjPxYKvwk9cvY/getUpdates "HTTP/1.1 200 OK"
2024-07-28 14:02:38,816 - httpx - INFO - HTTP Request: POST https://api.telegram.org/bot7005636792:AAFsRSBKvxA67FoQao1f7AdjPxYKvwk9cvY/sendMessage "HTTP/1.1 200 OK"
2024-07-28 14:02:39,776 - httpx - INFO - HTTP Request: POST https://api.telegram.org/bot7005636792:AAFsRSBKvxA67FoQao1f7AdjPxYKvwk9cvY/getUpdates "HTTP/1.1 200 OK"
2024-07-28 14:02:39,976 - httpx - INFO - HTTP Request: POST https://api.telegram.org/bot7005636792:AAFsRSBKvxA67FoQao1f7AdjPxYKvwk9cvY/sendMessage "HTTP/1.1 200 OK"
2024-07-28 14:02:43,141 - httpx - INFO - HTTP Request: POST https://api.telegram.org/bot7005636792:AAFsRSBKvxA67FoQao1f7AdjPxYKvwk9cvY/getUpdates "HTTP/1.1 200 OK"
2024-07-28 14:02:43,351 - httpx - INFO - HTTP Request: POST https://api.telegram.org/bot7005636792:AAFsRSBKvxA67FoQao1f7AdjPxYKvwk9cvY/sendMessage "HTTP/1.1 200 OK"
2024-07-28 14:02:46,025 - httpx - INFO - HTTP Request: POST https://api.telegram.org/bot7005636792:AAFsRSBKvxA67FoQao1f7AdjPxYKvwk9cvY/getUpdates "HTTP/1.1 200 OK"
2024-07-28 14:02:46,025 - __main__ - INFO - Ubicación recibida: Bilbao
2024-07-28 14:02:46,025 - __main__ - INFO - Creando carta astral para asier, 1984-6-16, 22:30, Bilbao
2024-07-28 14:02:46,025 - root - WARNING - 
********
NO GEONAMES USERNAME SET!
Using the default geonames username is not recommended, please set a custom one!
You can get one for free here:
https://www.geonames.org/login
Keep in mind that the default username is limited to 2000 requests per hour and is shared with everyone else using this library.
********
2024-07-28 14:02:46,025 - root - INFO - No nation specified, using GB as default
2024-07-28 14:02:46,025 - root - INFO - Fetching timezone/coordinates from geonames
2024-07-28 14:02:46,134 - root - ERROR - Error serializing data maybe wrong username? Details: list index out of range
2024-07-28 14:02:46,134 - root - ERROR - Error in fetching timezone: 'lat'
2024-07-28 14:02:46,134 - __main__ - ERROR - Error al crear la carta astral: No data found for this city, try again! Maybe check your connection?
2024-07-28 14:02:46,298 - httpx - INFO - HTTP Request: POST https://api.telegram.org/bot7005636792:AAFsRSBKvxA67FoQao1f7AdjPxYKvwk9cvY/sendMessage "HTTP/1.1 200 OK"
2024-07-28 14:02:56,167 - httpx - INFO - HTTP Request: POST https://api.telegram.org/bot7005636792:AAFsRSBKvxA67FoQao1f7AdjPxYKvwk9cvY/getUpdates "HTTP/1.1 200 OK"
2024-07-28 14:03:06,205 - httpx - INFO - HTTP Request: POST https://api.telegram.org/bot7005636792:AAFsRSBKvxA67FoQao1f7AdjPxYKvwk9cvY/getUpdates "HTTP/1.1 200 OK"
2024-07-28 14:03:16,250 - httpx - INFO - HTTP Request: POST https://api.telegram.org/bot7005636792:AAFsRSBKvxA67FoQao1f7AdjPxYKvwk9cvY/getUpdates "HTTP/1.1 200 OK"
2024-07-28 14:03:26,285 - httpx - INFO - HTTP Request: POST https://api.telegram.org/bot7005636792:AAFsRSBKvxA67FoQao1f7AdjPxYKvwk9cvY/getUpdates "HTTP/1.1 200 OK"
2024-07-28 14:03:36,325 - httpx - INFO - HTTP Request: POST https://api.telegram.org/bot7005636792:AAFsRSBKvxA67FoQao1f7AdjPxYKvwk9cvY/getUpdates "HTTP/1.1 200 OK"
2024-07-28 14:03:46,358 - httpx - INFO - HTTP Request: POST https://api.telegram.org/bot7005636792:AAFsRSBKvxA67FoQao1f7AdjPxYKvwk9cvY/getUpdates "HTTP/1.1 200 OK"
2024-07-28 14:03:56,394 - httpx - INFO - HTTP Request: POST https://api.telegram.org/bot7005636792:AAFsRSBKvxA67FoQao1f7AdjPxYKvwk9cvY/getUpdates "HTTP/1.1 200 OK"
2024-07-28 14:04:06,431 - httpx - INFO - HTTP Request: POST https://api.telegram.org/bot7005636792:AAFsRSBKvxA67FoQao1f7AdjPxYKvwk9cvY/getUpdates "HTTP/1.1 200 OK"
2024-07-28 14:04:16,470 - httpx - INFO - HTTP Request: POST https://api.telegram.org/bot7005636792:AAFsRSBKvxA67FoQao1f7AdjPxYKvwk9cvY/getUpdates "HTTP/1.1 200 OK"
2024-07-28 14:04:26,509 - httpx - INFO - HTTP Request: POST https://api.telegram.org/bot7005636792:AAFsRSBKvxA67FoQao1f7AdjPxYKvwk9cvY/getUpdates "HTTP/1.1 200 OK"
2024-07-28 14:04:36,546 - httpx - INFO - HTTP Request: POST https://api.telegram.org/bot7005636792:AAFsRSBKvxA67FoQao1f7AdjPxYKvwk9cvY/getUpdates "HTTP/1.1 200 OK"
2024-07-28 14:04:46,585 - httpx - INFO - HTTP Request: POST https://api.telegram.org/bot7005636792:AAFsRSBKvxA67FoQao1f7AdjPxYKvwk9cvY/getUpdates "HTTP/1.1 200 OK"
2024-07-28 14:04:56,619 - httpx - INFO - HTTP Request: POST https://api.telegram.org/bot7005636792:AAFsRSBKvxA67FoQao1f7AdjPxYKvwk9cvY/getUpdates "HTTP/1.1 200 OK"
2024-07-28 14:05:06,653 - httpx - INFO - HTTP Request: POST https://api.telegram.org/bot7005636792:AAFsRSBKvxA67FoQao1f7AdjPxYKvwk9cvY/getUpdates "HTTP/1.1 200 OK"
2024-07-28 14:05:16,689 - httpx - INFO - HTTP Request: POST https://api.telegram.org/bot7005636792:AAFsRSBKvxA67FoQao1f7AdjPxYKvwk9cvY/getUpdates "HTTP/1.1 200 OK"
2024-07-28 14:05:26,728 - httpx - INFO - HTTP Request: POST https://api.telegram.org/bot7005636792:AAFsRSBKvxA67FoQao1f7AdjPxYKvwk9cvY/getUpdates "HTTP/1.1 200 OK"
2024-07-28 14:05:36,765 - httpx - INFO - HTTP Request: POST https://api.telegram.org/bot7005636792:AAFsRSBKvxA67FoQao1f7AdjPxYKvwk9cvY/getUpdates "HTTP/1.1 200 OK"
2024-07-28 14:05:46,810 - httpx - INFO - HTTP Request: POST https://api.telegram.org/bot7005636792:AAFsRSBKvxA67FoQao1f7AdjPxYKvwk9cvY/getUpdates "HTTP/1.1 200 OK"
2024-07-28 14:05:56,843 - httpx - INFO - HTTP Request: POST https://api.telegram.org/bot7005636792:AAFsRSBKvxA67FoQao1f7AdjPxYKvwk9cvY/getUpdates "HTTP/1.1 200 OK"
2024-07-28 14:06:06,876 - httpx - INFO - HTTP Request: POST https://api.telegram.org/bot7005636792:AAFsRSBKvxA67FoQao1f7AdjPxYKvwk9cvY/getUpdates "HTTP/1.1 200 OK"
2024-07-28 14:06:16,911 - httpx - INFO - HTTP Request: POST https://api.telegram.org/bot7005636792:AAFsRSBKvxA67FoQao1f7AdjPxYKvwk9cvY/getUpdates "HTTP/1.1 200 OK"
2024-07-28 14:06:26,944 - httpx - INFO - HTTP Request: POST https://api.telegram.org/bot7005636792:AAFsRSBKvxA67FoQao1f7AdjPxYKvwk9cvY/getUpdates "HTTP/1.1 200 OK"
2024-07-28 14:06:36,979 - httpx - INFO - HTTP Request: POST https://api.telegram.org/bot7005636792:AAFsRSBKvxA67FoQao1f7AdjPxYKvwk9cvY/getUpdates "HTTP/1.1 200 OK"
2024-07-28 14:06:47,017 - httpx - INFO - HTTP Request: POST https://api.telegram.org/bot7005636792:AAFsRSBKvxA67FoQao1f7AdjPxYKvwk9cvY/getUpdates "HTTP/1.1 200 OK"
2024-07-28 14:06:57,052 - httpx - INFO - HTTP Request: POST https://api.telegram.org/bot7005636792:AAFsRSBKvxA67FoQao1f7AdjPxYKvwk9cvY/getUpdates "HTTP/1.1 200 OK"
2024-07-28 14:07:07,087 - httpx - INFO - HTTP Request: POST https://api.telegram.org/bot7005636792:AAFsRSBKvxA67FoQao1f7AdjPxYKvwk9cvY/getUpdates "HTTP/1.1 200 OK"
2024-07-28 14:07:17,153 - httpx - INFO - HTTP Request: POST https://api.telegram.org/bot7005636792:AAFsRSBKvxA67FoQao1f7AdjPxYKvwk9cvY/getUpdates "HTTP/1.1 200 OK"
2024-07-28 14:07:27,187 - httpx - INFO - HTTP Request: POST https://api.telegram.org/bot7005636792:AAFsRSBKvxA67FoQao1f7AdjPxYKvwk9cvY/getUpdates "HTTP/1.1 200 OK"
2024-07-28 14:07:37,220 - httpx - INFO - HTTP Request: POST https://api.telegram.org/bot7005636792:AAFsRSBKvxA67FoQao1f7AdjPxYKvwk9cvY/getUpdates "HTTP/1.1 200 OK"
2024-07-28 14:07:47,253 - httpx - INFO - HTTP Request: POST https://api.telegram.org/bot7005636792:AAFsRSBKvxA67FoQao1f7AdjPxYKvwk9cvY/getUpdates "HTTP/1.1 200 OK"
2024-07-28 14:07:57,288 - httpx - INFO - HTTP Request: POST https://api.telegram.org/bot7005636792:AAFsRSBKvxA67FoQao1f7AdjPxYKvwk9cvY/getUpdates "HTTP/1.1 200 OK"
2024-07-28 14:08:07,328 - httpx - INFO - HTTP Request: POST https://api.telegram.org/bot7005636792:AAFsRSBKvxA67FoQao1f7AdjPxYKvwk9cvY/getUpdates "HTTP/1.1 200 OK"
2024-07-28 14:08:17,362 - httpx - INFO - HTTP Request: POST https://api.telegram.org/bot7005636792:AAFsRSBKvxA67FoQao1f7AdjPxYKvwk9cvY/getUpdates "HTTP/1.1 200 OK"
2024-07-28 14:08:27,397 - httpx - INFO - HTTP Request: POST https://api.telegram.org/bot7005636792:AAFsRSBKvxA67FoQao1f7AdjPxYKvwk9cvY/getUpdates "HTTP/1.1 200 OK"
2024-07-28 14:08:37,433 - httpx - INFO - HTTP Request: POST https://api.telegram.org/bot7005636792:AAFsRSBKvxA67FoQao1f7AdjPxYKvwk9cvY/getUpdates "HTTP/1.1 200 OK"
2024-07-28 14:08:47,468 - httpx - INFO - HTTP Request: POST https://api.telegram.org/bot7005636792:AAFsRSBKvxA67FoQao1f7AdjPxYKvwk9cvY/getUpdates "HTTP/1.1 200 OK"
2024-07-28 14:08:57,501 - httpx - INFO - HTTP Request: POST https://api.telegram.org/bot7005636792:AAFsRSBKvxA67FoQao1f7AdjPxYKvwk9cvY/getUpdates "HTTP/1.1 200 OK"
2024-07-28 14:09:07,535 - httpx - INFO - HTTP Request: POST https://api.telegram.org/bot7005636792:AAFsRSBKvxA67FoQao1f7AdjPxYKvwk9cvY/getUpdates "HTTP/1.1 200 OK"
2024-07-28 14:09:13,046 - httpx - INFO - HTTP Request: POST https://api.telegram.org/bot7005636792:AAFsRSBKvxA67FoQao1f7AdjPxYKvwk9cvY/getUpdates "HTTP/1.1 200 OK"
2024-07-28 14:09:13,046 - telegram.ext.Application - INFO - Application is stopping. This might take a moment.
2024-07-28 14:09:13,046 - telegram.ext.Application - INFO - Application.stop() complete
2024-07-28 14:09:55,220 - httpx - INFO - HTTP Request: POST https://api.telegram.org/bot7005636792:AAFsRSBKvxA67FoQao1f7AdjPxYKvwk9cvY/getMe "HTTP/1.1 200 OK"
2024-07-28 14:09:55,278 - httpx - INFO - HTTP Request: POST https://api.telegram.org/bot7005636792:AAFsRSBKvxA67FoQao1f7AdjPxYKvwk9cvY/deleteWebhook "HTTP/1.1 200 OK"
2024-07-28 14:09:55,279 - telegram.ext.Application - INFO - Application started
2024-07-28 14:10:01,465 - httpx - INFO - HTTP Request: POST https://api.telegram.org/bot7005636792:AAFsRSBKvxA67FoQao1f7AdjPxYKvwk9cvY/getUpdates "HTTP/1.1 200 OK"
2024-07-28 14:10:01,744 - httpx - INFO - HTTP Request: POST https://api.telegram.org/bot7005636792:AAFsRSBKvxA67FoQao1f7AdjPxYKvwk9cvY/sendMessage "HTTP/1.1 200 OK"
2024-07-28 14:10:04,383 - httpx - INFO - HTTP Request: POST https://api.telegram.org/bot7005636792:AAFsRSBKvxA67FoQao1f7AdjPxYKvwk9cvY/getUpdates "HTTP/1.1 200 OK"
2024-07-28 14:10:04,541 - httpx - INFO - HTTP Request: POST https://api.telegram.org/bot7005636792:AAFsRSBKvxA67FoQao1f7AdjPxYKvwk9cvY/sendMessage "HTTP/1.1 200 OK"
2024-07-28 14:10:07,166 - httpx - INFO - HTTP Request: POST https://api.telegram.org/bot7005636792:AAFsRSBKvxA67FoQao1f7AdjPxYKvwk9cvY/getUpdates "HTTP/1.1 200 OK"
2024-07-28 14:10:07,327 - httpx - INFO - HTTP Request: POST https://api.telegram.org/bot7005636792:AAFsRSBKvxA67FoQao1f7AdjPxYKvwk9cvY/sendMessage "HTTP/1.1 200 OK"
2024-07-28 14:10:08,190 - httpx - INFO - HTTP Request: POST https://api.telegram.org/bot7005636792:AAFsRSBKvxA67FoQao1f7AdjPxYKvwk9cvY/getUpdates "HTTP/1.1 200 OK"
2024-07-28 14:10:08,349 - httpx - INFO - HTTP Request: POST https://api.telegram.org/bot7005636792:AAFsRSBKvxA67FoQao1f7AdjPxYKvwk9cvY/sendMessage "HTTP/1.1 200 OK"
2024-07-28 14:10:10,256 - httpx - INFO - HTTP Request: POST https://api.telegram.org/bot7005636792:AAFsRSBKvxA67FoQao1f7AdjPxYKvwk9cvY/getUpdates "HTTP/1.1 200 OK"
2024-07-28 14:10:10,420 - httpx - INFO - HTTP Request: POST https://api.telegram.org/bot7005636792:AAFsRSBKvxA67FoQao1f7AdjPxYKvwk9cvY/sendMessage "HTTP/1.1 200 OK"
2024-07-28 14:10:13,453 - httpx - INFO - HTTP Request: POST https://api.telegram.org/bot7005636792:AAFsRSBKvxA67FoQao1f7AdjPxYKvwk9cvY/getUpdates "HTTP/1.1 200 OK"
2024-07-28 14:10:13,615 - httpx - INFO - HTTP Request: POST https://api.telegram.org/bot7005636792:AAFsRSBKvxA67FoQao1f7AdjPxYKvwk9cvY/sendMessage "HTTP/1.1 200 OK"
2024-07-28 14:10:16,832 - httpx - INFO - HTTP Request: POST https://api.telegram.org/bot7005636792:AAFsRSBKvxA67FoQao1f7AdjPxYKvwk9cvY/getUpdates "HTTP/1.1 200 OK"
2024-07-28 14:10:16,833 - __main__ - INFO - Ubicación recibida: bilbao
2024-07-28 14:10:16,833 - __main__ - INFO - Creando carta astral para asier, 1984-6-16, 22:30, bilbao
2024-07-28 14:10:16,833 - root - WARNING - 
********
NO GEONAMES USERNAME SET!
Using the default geonames username is not recommended, please set a custom one!
You can get one for free here:
https://www.geonames.org/login
Keep in mind that the default username is limited to 2000 requests per hour and is shared with everyone else using this library.
********
2024-07-28 14:10:16,833 - root - INFO - No nation specified, using GB as default
2024-07-28 14:10:16,833 - root - INFO - Fetching timezone/coordinates from geonames
2024-07-28 14:10:16,837 - root - ERROR - Error serializing data maybe wrong username? Details: list index out of range
2024-07-28 14:10:16,837 - root - ERROR - Error in fetching timezone: 'lat'
2024-07-28 14:10:16,837 - __main__ - ERROR - Error al crear la carta astral: No data found for this city, try again! Maybe check your connection?
2024-07-28 14:10:17,023 - httpx - INFO - HTTP Request: POST https://api.telegram.org/bot7005636792:AAFsRSBKvxA67FoQao1f7AdjPxYKvwk9cvY/sendMessage "HTTP/1.1 200 OK"
2024-07-28 14:10:26,873 - httpx - INFO - HTTP Request: POST https://api.telegram.org/bot7005636792:AAFsRSBKvxA67FoQao1f7AdjPxYKvwk9cvY/getUpdates "HTTP/1.1 200 OK"
2024-07-28 14:10:36,908 - httpx - INFO - HTTP Request: POST https://api.telegram.org/bot7005636792:AAFsRSBKvxA67FoQao1f7AdjPxYKvwk9cvY/getUpdates "HTTP/1.1 200 OK"
2024-07-28 14:10:46,944 - httpx - INFO - HTTP Request: POST https://api.telegram.org/bot7005636792:AAFsRSBKvxA67FoQao1f7AdjPxYKvwk9cvY/getUpdates "HTTP/1.1 200 OK"
2024-07-28 14:10:56,979 - httpx - INFO - HTTP Request: POST https://api.telegram.org/bot7005636792:AAFsRSBKvxA67FoQao1f7AdjPxYKvwk9cvY/getUpdates "HTTP/1.1 200 OK"
2024-07-28 14:11:00,778 - httpx - INFO - HTTP Request: POST https://api.telegram.org/bot7005636792:AAFsRSBKvxA67FoQao1f7AdjPxYKvwk9cvY/getUpdates "HTTP/1.1 200 OK"
2024-07-28 14:11:00,779 - telegram.ext.Application - INFO - Application is stopping. This might take a moment.
2024-07-28 14:11:00,779 - telegram.ext.Application - INFO - Application.stop() complete
2024-07-28 14:11:17,107 - httpx - INFO - HTTP Request: POST https://api.telegram.org/bot7005636792:AAFsRSBKvxA67FoQao1f7AdjPxYKvwk9cvY/getMe "HTTP/1.1 200 OK"
2024-07-28 14:11:17,144 - httpx - INFO - HTTP Request: POST https://api.telegram.org/bot7005636792:AAFsRSBKvxA67FoQao1f7AdjPxYKvwk9cvY/deleteWebhook "HTTP/1.1 200 OK"
2024-07-28 14:11:17,144 - telegram.ext.Application - INFO - Application started
2024-07-28 14:11:17,264 - httpx - INFO - HTTP Request: POST https://api.telegram.org/bot7005636792:AAFsRSBKvxA67FoQao1f7AdjPxYKvwk9cvY/getUpdates "HTTP/1.1 200 OK"
2024-07-28 14:11:17,432 - httpx - INFO - HTTP Request: POST https://api.telegram.org/bot7005636792:AAFsRSBKvxA67FoQao1f7AdjPxYKvwk9cvY/sendMessage "HTTP/1.1 200 OK"
2024-07-28 14:11:21,908 - httpx - INFO - HTTP Request: POST https://api.telegram.org/bot7005636792:AAFsRSBKvxA67FoQao1f7AdjPxYKvwk9cvY/getUpdates "HTTP/1.1 200 OK"
2024-07-28 14:11:22,075 - httpx - INFO - HTTP Request: POST https://api.telegram.org/bot7005636792:AAFsRSBKvxA67FoQao1f7AdjPxYKvwk9cvY/sendMessage "HTTP/1.1 200 OK"
2024-07-28 14:11:25,920 - httpx - INFO - HTTP Request: POST https://api.telegram.org/bot7005636792:AAFsRSBKvxA67FoQao1f7AdjPxYKvwk9cvY/getUpdates "HTTP/1.1 200 OK"
2024-07-28 14:11:26,090 - httpx - INFO - HTTP Request: POST https://api.telegram.org/bot7005636792:AAFsRSBKvxA67FoQao1f7AdjPxYKvwk9cvY/sendMessage "HTTP/1.1 200 OK"
2024-07-28 14:11:27,102 - httpx - INFO - HTTP Request: POST https://api.telegram.org/bot7005636792:AAFsRSBKvxA67FoQao1f7AdjPxYKvwk9cvY/getUpdates "HTTP/1.1 200 OK"
2024-07-28 14:11:27,270 - httpx - INFO - HTTP Request: POST https://api.telegram.org/bot7005636792:AAFsRSBKvxA67FoQao1f7AdjPxYKvwk9cvY/sendMessage "HTTP/1.1 200 OK"
2024-07-28 14:11:29,012 - httpx - INFO - HTTP Request: POST https://api.telegram.org/bot7005636792:AAFsRSBKvxA67FoQao1f7AdjPxYKvwk9cvY/getUpdates "HTTP/1.1 200 OK"
2024-07-28 14:11:29,180 - httpx - INFO - HTTP Request: POST https://api.telegram.org/bot7005636792:AAFsRSBKvxA67FoQao1f7AdjPxYKvwk9cvY/sendMessage "HTTP/1.1 200 OK"
2024-07-28 14:11:33,953 - httpx - INFO - HTTP Request: POST https://api.telegram.org/bot7005636792:AAFsRSBKvxA67FoQao1f7AdjPxYKvwk9cvY/getUpdates "HTTP/1.1 200 OK"
2024-07-28 14:11:34,121 - httpx - INFO - HTTP Request: POST https://api.telegram.org/bot7005636792:AAFsRSBKvxA67FoQao1f7AdjPxYKvwk9cvY/sendMessage "HTTP/1.1 200 OK"
2024-07-28 14:11:36,416 - httpx - INFO - HTTP Request: POST https://api.telegram.org/bot7005636792:AAFsRSBKvxA67FoQao1f7AdjPxYKvwk9cvY/getUpdates "HTTP/1.1 200 OK"
2024-07-28 14:11:36,417 - __main__ - INFO - Ubicación recibida: bilbao
2024-07-28 14:11:36,417 - __main__ - INFO - Creando carta astral para asier, 1984-6-16, 22:30, bilbao
2024-07-28 14:11:36,417 - root - INFO - No nation specified, using GB as default
2024-07-28 14:11:36,417 - root - INFO - Fetching timezone/coordinates from geonames
2024-07-28 14:11:36,725 - root - ERROR - Error serializing data maybe wrong username? Details: 'geonames'
2024-07-28 14:11:36,725 - root - ERROR - Error in fetching timezone: 'lat'
2024-07-28 14:11:36,725 - __main__ - ERROR - Error al crear la carta astral: No data found for this city, try again! Maybe check your connection?
2024-07-28 14:11:36,900 - httpx - INFO - HTTP Request: POST https://api.telegram.org/bot7005636792:AAFsRSBKvxA67FoQao1f7AdjPxYKvwk9cvY/sendMessage "HTTP/1.1 200 OK"
2024-07-28 14:11:39,916 - httpx - INFO - HTTP Request: POST https://api.telegram.org/bot7005636792:AAFsRSBKvxA67FoQao1f7AdjPxYKvwk9cvY/getUpdates "HTTP/1.1 200 OK"
2024-07-28 14:11:39,917 - telegram.ext.Application - INFO - Application is stopping. This might take a moment.
2024-07-28 14:11:39,917 - telegram.ext.Application - INFO - Application.stop() complete
2024-07-28 14:18:18,791 - httpx - INFO - HTTP Request: POST https://api.telegram.org/bot7005636792:AAFsRSBKvxA67FoQao1f7AdjPxYKvwk9cvY/getMe "HTTP/1.1 200 OK"
2024-07-28 14:18:18,828 - httpx - INFO - HTTP Request: POST https://api.telegram.org/bot7005636792:AAFsRSBKvxA67FoQao1f7AdjPxYKvwk9cvY/deleteWebhook "HTTP/1.1 200 OK"
2024-07-28 14:18:18,829 - telegram.ext.Application - INFO - Application started
2024-07-28 14:18:23,914 - httpx - INFO - HTTP Request: POST https://api.telegram.org/bot7005636792:AAFsRSBKvxA67FoQao1f7AdjPxYKvwk9cvY/getUpdates "HTTP/1.1 200 OK"
2024-07-28 14:18:24,171 - httpx - INFO - HTTP Request: POST https://api.telegram.org/bot7005636792:AAFsRSBKvxA67FoQao1f7AdjPxYKvwk9cvY/sendMessage "HTTP/1.1 200 OK"
2024-07-28 14:18:25,767 - httpx - INFO - HTTP Request: POST https://api.telegram.org/bot7005636792:AAFsRSBKvxA67FoQao1f7AdjPxYKvwk9cvY/getUpdates "HTTP/1.1 200 OK"
2024-07-28 14:18:25,934 - httpx - INFO - HTTP Request: POST https://api.telegram.org/bot7005636792:AAFsRSBKvxA67FoQao1f7AdjPxYKvwk9cvY/sendMessage "HTTP/1.1 200 OK"
2024-07-28 14:18:28,937 - httpx - INFO - HTTP Request: POST https://api.telegram.org/bot7005636792:AAFsRSBKvxA67FoQao1f7AdjPxYKvwk9cvY/getUpdates "HTTP/1.1 200 OK"
2024-07-28 14:18:29,105 - httpx - INFO - HTTP Request: POST https://api.telegram.org/bot7005636792:AAFsRSBKvxA67FoQao1f7AdjPxYKvwk9cvY/sendMessage "HTTP/1.1 200 OK"
2024-07-28 14:18:31,545 - httpx - INFO - HTTP Request: POST https://api.telegram.org/bot7005636792:AAFsRSBKvxA67FoQao1f7AdjPxYKvwk9cvY/getUpdates "HTTP/1.1 200 OK"
2024-07-28 14:18:31,705 - httpx - INFO - HTTP Request: POST https://api.telegram.org/bot7005636792:AAFsRSBKvxA67FoQao1f7AdjPxYKvwk9cvY/sendMessage "HTTP/1.1 200 OK"
2024-07-28 14:18:34,016 - httpx - INFO - HTTP Request: POST https://api.telegram.org/bot7005636792:AAFsRSBKvxA67FoQao1f7AdjPxYKvwk9cvY/getUpdates "HTTP/1.1 200 OK"
2024-07-28 14:18:34,183 - httpx - INFO - HTTP Request: POST https://api.telegram.org/bot7005636792:AAFsRSBKvxA67FoQao1f7AdjPxYKvwk9cvY/sendMessage "HTTP/1.1 200 OK"
2024-07-28 14:18:36,665 - httpx - INFO - HTTP Request: POST https://api.telegram.org/bot7005636792:AAFsRSBKvxA67FoQao1f7AdjPxYKvwk9cvY/getUpdates "HTTP/1.1 200 OK"
2024-07-28 14:18:36,824 - httpx - INFO - HTTP Request: POST https://api.telegram.org/bot7005636792:AAFsRSBKvxA67FoQao1f7AdjPxYKvwk9cvY/sendMessage "HTTP/1.1 200 OK"
2024-07-28 14:18:41,806 - httpx - INFO - HTTP Request: POST https://api.telegram.org/bot7005636792:AAFsRSBKvxA67FoQao1f7AdjPxYKvwk9cvY/getUpdates "HTTP/1.1 200 OK"
2024-07-28 14:18:41,806 - __main__ - INFO - Ubicación recibida: bilbao
2024-07-28 14:18:41,806 - __main__ - INFO - Creando carta astral para asier, 1984-6-16, 22:30, bilbao
2024-07-28 14:18:41,806 - root - INFO - No nation specified, using GB as default
2024-07-28 14:18:41,806 - root - INFO - No latitude specified, using London as default
2024-07-28 14:18:41,806 - root - INFO - No longitude specified, using London as default
2024-07-28 14:18:41,807 - root - INFO - Fetching timezone/coordinates from geonames
2024-07-28 14:18:41,911 - root - ERROR - Error serializing data maybe wrong username? Details: 'geonames'
2024-07-28 14:18:41,911 - root - ERROR - Error in fetching timezone: 'lat'
2024-07-28 14:18:41,911 - __main__ - ERROR - Error al crear la carta astral: No data found for this city, try again! Maybe check your connection?
2024-07-28 14:18:42,142 - httpx - INFO - HTTP Request: POST https://api.telegram.org/bot7005636792:AAFsRSBKvxA67FoQao1f7AdjPxYKvwk9cvY/sendMessage "HTTP/1.1 200 OK"
2024-07-28 14:18:51,946 - httpx - INFO - HTTP Request: POST https://api.telegram.org/bot7005636792:AAFsRSBKvxA67FoQao1f7AdjPxYKvwk9cvY/getUpdates "HTTP/1.1 200 OK"
2024-07-28 14:19:01,981 - httpx - INFO - HTTP Request: POST https://api.telegram.org/bot7005636792:AAFsRSBKvxA67FoQao1f7AdjPxYKvwk9cvY/getUpdates "HTTP/1.1 200 OK"
2024-07-28 14:19:12,015 - httpx - INFO - HTTP Request: POST https://api.telegram.org/bot7005636792:AAFsRSBKvxA67FoQao1f7AdjPxYKvwk9cvY/getUpdates "HTTP/1.1 200 OK"
2024-07-28 14:19:22,058 - httpx - INFO - HTTP Request: POST https://api.telegram.org/bot7005636792:AAFsRSBKvxA67FoQao1f7AdjPxYKvwk9cvY/getUpdates "HTTP/1.1 200 OK"
2024-07-28 14:19:32,092 - httpx - INFO - HTTP Request: POST https://api.telegram.org/bot7005636792:AAFsRSBKvxA67FoQao1f7AdjPxYKvwk9cvY/getUpdates "HTTP/1.1 200 OK"
2024-07-28 14:19:40,785 - httpx - INFO - HTTP Request: POST https://api.telegram.org/bot7005636792:AAFsRSBKvxA67FoQao1f7AdjPxYKvwk9cvY/getUpdates "HTTP/1.1 200 OK"
2024-07-28 14:19:40,786 - telegram.ext.Application - INFO - Application is stopping. This might take a moment.
2024-07-28 14:19:40,786 - telegram.ext.Application - INFO - Application.stop() complete
2024-07-28 14:19:51,453 - httpx - INFO - HTTP Request: POST https://api.telegram.org/bot7005636792:AAFsRSBKvxA67FoQao1f7AdjPxYKvwk9cvY/getMe "HTTP/1.1 200 OK"
2024-07-28 14:19:51,491 - httpx - INFO - HTTP Request: POST https://api.telegram.org/bot7005636792:AAFsRSBKvxA67FoQao1f7AdjPxYKvwk9cvY/deleteWebhook "HTTP/1.1 200 OK"
2024-07-28 14:19:51,492 - telegram.ext.Application - INFO - Application started
2024-07-28 14:20:01,603 - httpx - INFO - HTTP Request: POST https://api.telegram.org/bot7005636792:AAFsRSBKvxA67FoQao1f7AdjPxYKvwk9cvY/getUpdates "HTTP/1.1 200 OK"
2024-07-28 14:20:06,154 - httpx - INFO - HTTP Request: POST https://api.telegram.org/bot7005636792:AAFsRSBKvxA67FoQao1f7AdjPxYKvwk9cvY/getUpdates "HTTP/1.1 200 OK"
2024-07-28 14:20:06,155 - telegram.ext.Application - INFO - Application is stopping. This might take a moment.
2024-07-28 14:20:06,155 - telegram.ext.Application - INFO - Application.stop() complete
2024-07-28 14:20:08,283 - httpx - INFO - HTTP Request: POST https://api.telegram.org/bot7005636792:AAFsRSBKvxA67FoQao1f7AdjPxYKvwk9cvY/getMe "HTTP/1.1 200 OK"
2024-07-28 14:20:08,316 - httpx - INFO - HTTP Request: POST https://api.telegram.org/bot7005636792:AAFsRSBKvxA67FoQao1f7AdjPxYKvwk9cvY/deleteWebhook "HTTP/1.1 200 OK"
2024-07-28 14:20:08,317 - telegram.ext.Application - INFO - Application started
2024-07-28 14:20:14,865 - httpx - INFO - HTTP Request: POST https://api.telegram.org/bot7005636792:AAFsRSBKvxA67FoQao1f7AdjPxYKvwk9cvY/getUpdates "HTTP/1.1 200 OK"
2024-07-28 14:20:15,093 - httpx - INFO - HTTP Request: POST https://api.telegram.org/bot7005636792:AAFsRSBKvxA67FoQao1f7AdjPxYKvwk9cvY/sendMessage "HTTP/1.1 200 OK"
2024-07-28 14:20:16,921 - httpx - INFO - HTTP Request: POST https://api.telegram.org/bot7005636792:AAFsRSBKvxA67FoQao1f7AdjPxYKvwk9cvY/getUpdates "HTTP/1.1 200 OK"
2024-07-28 14:20:17,094 - httpx - INFO - HTTP Request: POST https://api.telegram.org/bot7005636792:AAFsRSBKvxA67FoQao1f7AdjPxYKvwk9cvY/sendMessage "HTTP/1.1 200 OK"
2024-07-28 14:20:18,733 - httpx - INFO - HTTP Request: POST https://api.telegram.org/bot7005636792:AAFsRSBKvxA67FoQao1f7AdjPxYKvwk9cvY/getUpdates "HTTP/1.1 200 OK"
2024-07-28 14:20:18,940 - httpx - INFO - HTTP Request: POST https://api.telegram.org/bot7005636792:AAFsRSBKvxA67FoQao1f7AdjPxYKvwk9cvY/sendMessage "HTTP/1.1 200 OK"
2024-07-28 14:20:22,358 - httpx - INFO - HTTP Request: POST https://api.telegram.org/bot7005636792:AAFsRSBKvxA67FoQao1f7AdjPxYKvwk9cvY/getUpdates "HTTP/1.1 200 OK"
2024-07-28 14:20:22,520 - httpx - INFO - HTTP Request: POST https://api.telegram.org/bot7005636792:AAFsRSBKvxA67FoQao1f7AdjPxYKvwk9cvY/sendMessage "HTTP/1.1 200 OK"
2024-07-28 14:20:24,049 - httpx - INFO - HTTP Request: POST https://api.telegram.org/bot7005636792:AAFsRSBKvxA67FoQao1f7AdjPxYKvwk9cvY/getUpdates "HTTP/1.1 200 OK"
2024-07-28 14:20:24,228 - httpx - INFO - HTTP Request: POST https://api.telegram.org/bot7005636792:AAFsRSBKvxA67FoQao1f7AdjPxYKvwk9cvY/sendMessage "HTTP/1.1 200 OK"
2024-07-28 14:20:30,908 - httpx - INFO - HTTP Request: POST https://api.telegram.org/bot7005636792:AAFsRSBKvxA67FoQao1f7AdjPxYKvwk9cvY/getUpdates "HTTP/1.1 200 OK"
2024-07-28 14:20:31,139 - httpx - INFO - HTTP Request: POST https://api.telegram.org/bot7005636792:AAFsRSBKvxA67FoQao1f7AdjPxYKvwk9cvY/sendMessage "HTTP/1.1 200 OK"
2024-07-28 14:20:34,274 - httpx - INFO - HTTP Request: POST https://api.telegram.org/bot7005636792:AAFsRSBKvxA67FoQao1f7AdjPxYKvwk9cvY/getUpdates "HTTP/1.1 200 OK"
2024-07-28 14:20:34,274 - __main__ - INFO - Ubicación recibida: bilbao
2024-07-28 14:20:34,274 - __main__ - INFO - Creando carta astral para asier, 1984-6-16, 22:30, bilbao
2024-07-28 14:20:34,275 - root - INFO - 
********
NO GEONAMES USERNAME SET!
Using the default geonames username is not recommended, please set a custom one!
You can get one for free here:
https://www.geonames.org/login
Keep in mind that the default username is limited to 2000 requests per hour and is shared with everyone else using this library.
********
2024-07-28 14:20:34,275 - root - WARNING - No nation specified, using GB as default
2024-07-28 14:20:34,275 - root - WARNING - No latitude specified, using London as default
2024-07-28 14:20:34,275 - root - WARNING - No longitude specified, using London as default
2024-07-28 14:20:34,275 - root - INFO - Fetching timezone/coordinates from geonames
2024-07-28 14:20:34,640 - httpx - INFO - HTTP Request: POST https://api.telegram.org/bot7005636792:AAFsRSBKvxA67FoQao1f7AdjPxYKvwk9cvY/sendMessage "HTTP/1.1 200 OK"
2024-07-28 14:20:34,805 - httpx - INFO - HTTP Request: POST https://api.telegram.org/bot7005636792:AAFsRSBKvxA67FoQao1f7AdjPxYKvwk9cvY/sendMessage "HTTP/1.1 200 OK"
2024-07-28 14:20:40,475 - httpx - INFO - HTTP Request: POST https://api.telegram.org/bot7005636792:AAFsRSBKvxA67FoQao1f7AdjPxYKvwk9cvY/getUpdates "HTTP/1.1 200 OK"
2024-07-28 14:20:40,476 - telegram.ext.Application - INFO - Application is stopping. This might take a moment.
2024-07-28 14:20:40,476 - telegram.ext.Application - CRITICAL - Fetching updates was aborted due to KeyboardInterrupt(). Suppressing exception to ensure graceful shutdown.
Traceback (most recent call last):
  File "C:\Python3_10_11\lib\site-packages\telegram\ext\_application.py", line 687, in stop
    self.__update_fetcher_task.result()
  File "C:\Python3_10_11\lib\site-packages\telegram\ext\_application.py", line 1258, in _update_fetcher
    await self.__update_fetcher()
  File "C:\Python3_10_11\lib\site-packages\telegram\ext\_application.py", line 1254, in __update_fetcher
    await self.__process_update_wrapper(update)
  File "C:\Python3_10_11\lib\site-packages\telegram\ext\_application.py", line 1269, in __process_update_wrapper
    await self._update_processor.process_update(update, self.process_update(update))
  File "C:\Python3_10_11\lib\site-packages\telegram\ext\_baseupdateprocessor.py", line 153, in process_update
    await self.do_process_update(update, coroutine)
  File "C:\Python3_10_11\lib\site-packages\telegram\ext\_baseupdateprocessor.py", line 178, in do_process_update
    await coroutine
  File "C:\Python3_10_11\lib\site-packages\telegram\ext\_application.py", line 1335, in process_update
    await coroutine
  File "C:\Python3_10_11\lib\site-packages\telegram\ext\_handlers\conversationhandler.py", line 857, in handle_update
    new_state: object = await handler.handle_update(
  File "C:\Python3_10_11\lib\site-packages\telegram\ext\_handlers\basehandler.py", line 157, in handle_update
    return await self.callback(update, context)
  File "C:\Users\asier\AstroBot\run.py", line 168, in ubicacion
    prediccion = obtener_prediccion_astrologica(context.user_data["nombre"], context.user_data["ubicacion"], carta)
  File "C:\Users\asier\AstroBot\run.py", line 81, in obtener_prediccion_astrologica
    response = requests.post(endpoint, headers=headers, json=data)
  File "C:\Python3_10_11\lib\site-packages\requests\api.py", line 115, in post
    return request("post", url, data=data, json=json, **kwargs)
  File "C:\Python3_10_11\lib\site-packages\requests\api.py", line 59, in request
    return session.request(method=method, url=url, **kwargs)
  File "C:\Python3_10_11\lib\site-packages\requests\sessions.py", line 589, in request
    resp = self.send(prep, **send_kwargs)
  File "C:\Python3_10_11\lib\site-packages\requests\sessions.py", line 703, in send
    r = adapter.send(request, **kwargs)
  File "C:\Python3_10_11\lib\site-packages\requests\adapters.py", line 667, in send
    resp = conn.urlopen(
  File "C:\Python3_10_11\lib\site-packages\urllib3\connectionpool.py", line 789, in urlopen
    response = self._make_request(
  File "C:\Python3_10_11\lib\site-packages\urllib3\connectionpool.py", line 536, in _make_request
    response = conn.getresponse()
  File "C:\Python3_10_11\lib\site-packages\urllib3\connection.py", line 464, in getresponse
    httplib_response = super().getresponse()
  File "C:\Python3_10_11\lib\http\client.py", line 1375, in getresponse
    response.begin()
  File "C:\Python3_10_11\lib\http\client.py", line 318, in begin
    version, status, reason = self._read_status()
  File "C:\Python3_10_11\lib\http\client.py", line 279, in _read_status
    line = str(self.fp.readline(_MAXLINE + 1), "iso-8859-1")
  File "C:\Python3_10_11\lib\socket.py", line 705, in readinto
    return self._sock.recv_into(b)
  File "C:\Python3_10_11\lib\ssl.py", line 1274, in recv_into
    return self.read(nbytes, buffer)
  File "C:\Python3_10_11\lib\ssl.py", line 1130, in read
    return self._sslobj.read(len, buffer)
KeyboardInterrupt
2024-07-28 14:20:40,522 - telegram.ext.Application - INFO - Application.stop() complete
2024-07-28 14:21:32,965 - httpx - INFO - HTTP Request: POST https://api.telegram.org/bot7005636792:AAFsRSBKvxA67FoQao1f7AdjPxYKvwk9cvY/getMe "HTTP/1.1 200 OK"
2024-07-28 14:21:33,003 - httpx - INFO - HTTP Request: POST https://api.telegram.org/bot7005636792:AAFsRSBKvxA67FoQao1f7AdjPxYKvwk9cvY/deleteWebhook "HTTP/1.1 200 OK"
2024-07-28 14:21:33,004 - telegram.ext.Application - INFO - Application started
2024-07-28 14:21:36,627 - httpx - INFO - HTTP Request: POST https://api.telegram.org/bot7005636792:AAFsRSBKvxA67FoQao1f7AdjPxYKvwk9cvY/getUpdates "HTTP/1.1 200 OK"
2024-07-28 14:21:36,793 - httpx - INFO - HTTP Request: POST https://api.telegram.org/bot7005636792:AAFsRSBKvxA67FoQao1f7AdjPxYKvwk9cvY/sendMessage "HTTP/1.1 200 OK"
2024-07-28 14:21:38,784 - httpx - INFO - HTTP Request: POST https://api.telegram.org/bot7005636792:AAFsRSBKvxA67FoQao1f7AdjPxYKvwk9cvY/getUpdates "HTTP/1.1 200 OK"
2024-07-28 14:21:38,980 - httpx - INFO - HTTP Request: POST https://api.telegram.org/bot7005636792:AAFsRSBKvxA67FoQao1f7AdjPxYKvwk9cvY/sendMessage "HTTP/1.1 200 OK"
2024-07-28 14:21:40,795 - httpx - INFO - HTTP Request: POST https://api.telegram.org/bot7005636792:AAFsRSBKvxA67FoQao1f7AdjPxYKvwk9cvY/getUpdates "HTTP/1.1 200 OK"
2024-07-28 14:21:40,986 - httpx - INFO - HTTP Request: POST https://api.telegram.org/bot7005636792:AAFsRSBKvxA67FoQao1f7AdjPxYKvwk9cvY/sendMessage "HTTP/1.1 200 OK"
2024-07-28 14:21:42,909 - httpx - INFO - HTTP Request: POST https://api.telegram.org/bot7005636792:AAFsRSBKvxA67FoQao1f7AdjPxYKvwk9cvY/getUpdates "HTTP/1.1 200 OK"
2024-07-28 14:21:43,073 - httpx - INFO - HTTP Request: POST https://api.telegram.org/bot7005636792:AAFsRSBKvxA67FoQao1f7AdjPxYKvwk9cvY/sendMessage "HTTP/1.1 200 OK"
2024-07-28 14:21:46,165 - httpx - INFO - HTTP Request: POST https://api.telegram.org/bot7005636792:AAFsRSBKvxA67FoQao1f7AdjPxYKvwk9cvY/getUpdates "HTTP/1.1 200 OK"
2024-07-28 14:21:46,381 - httpx - INFO - HTTP Request: POST https://api.telegram.org/bot7005636792:AAFsRSBKvxA67FoQao1f7AdjPxYKvwk9cvY/sendMessage "HTTP/1.1 200 OK"
2024-07-28 14:21:48,113 - httpx - INFO - HTTP Request: POST https://api.telegram.org/bot7005636792:AAFsRSBKvxA67FoQao1f7AdjPxYKvwk9cvY/getUpdates "HTTP/1.1 200 OK"
2024-07-28 14:21:48,278 - httpx - INFO - HTTP Request: POST https://api.telegram.org/bot7005636792:AAFsRSBKvxA67FoQao1f7AdjPxYKvwk9cvY/sendMessage "HTTP/1.1 200 OK"
2024-07-28 14:21:50,620 - httpx - INFO - HTTP Request: POST https://api.telegram.org/bot7005636792:AAFsRSBKvxA67FoQao1f7AdjPxYKvwk9cvY/getUpdates "HTTP/1.1 200 OK"
2024-07-28 14:21:50,621 - __main__ - INFO - Ubicación recibida: bilbao
2024-07-28 14:21:50,621 - __main__ - INFO - Creando carta astral para asi, 1984-6-16, 22:30, bilbao
2024-07-28 14:21:50,621 - __main__ - ERROR - Error al crear la carta astral: warning() missing 1 required positional argument: 'msg'
2024-07-28 14:21:50,791 - httpx - INFO - HTTP Request: POST https://api.telegram.org/bot7005636792:AAFsRSBKvxA67FoQao1f7AdjPxYKvwk9cvY/sendMessage "HTTP/1.1 200 OK"
